1584709907908	mozrunner::runner	INFO	Running command: "C:\\Program Files\\Mozilla Firefox\\firefox.exe" "-marionette" "-foreground" "-no-remote" "-profile" "C:\\Users\\MARTIN~1\\AppData\\Local\\Temp\\rust_mozprofileX63BDV"
1584709909964	addons.webextension.doh-rollout@mozilla.org	WARN	Loading extension 'doh-rollout@mozilla.org': Reading manifest: Invalid extension permission: networkStatus
1584709910551	addons.webextension.screenshots@mozilla.org	WARN	Loading extension 'screenshots@mozilla.org': Reading manifest: Invalid extension permission: mozillaAddons
1584709910551	addons.webextension.screenshots@mozilla.org	WARN	Loading extension 'screenshots@mozilla.org': Reading manifest: Invalid extension permission: telemetry
1584709910552	addons.webextension.screenshots@mozilla.org	WARN	Loading extension 'screenshots@mozilla.org': Reading manifest: Invalid extension permission: resource://pdf.js/
1584709910552	addons.webextension.screenshots@mozilla.org	WARN	Loading extension 'screenshots@mozilla.org': Reading manifest: Invalid extension permission: about:reader*
JavaScript error: resource://gre/modules/XULStore.jsm, line 66: Error: Can't find profile directory.
1584709912608	Marionette	INFO	Listening on port 63511
1584709912953	Marionette	WARN	TLS certificate errors will be ignored for this session
1584709913710	Marionette	INFO	Stopped listening on port 63511
IPDL protocol error: Handler returned error code!

###!!! [Parent][DispatchAsyncMessage] Error: PLayerTransaction::Msg_ReleaseLayer Processing error: message was deserialized, but the handler returned false (indicating failure)

IPDL protocol error: Handler returned error code!

###!!! [Parent][DispatchAsyncMessage] Error: PLayerTransaction::Msg_ReleaseLayer Processing error: message was deserialized, but the handler returned false (indicating failure)

IPDL protocol error: Handler returned error code!

###!!! [Parent][DispatchAsyncMessage] Error: PLayerTransaction::Msg_ReleaseLayer Processing error: message was deserialized, but the handler returned false (indicating failure)

IPDL protocol error: Handler returned error code!

###!!! [Parent][DispatchAsyncMessage] Error: PLayerTransaction::Msg_ReleaseLayer Processing error: message was deserialized, but the handler returned false (indicating failure)

IPDL protocol error: Handler returned error code!

###!!! [Parent][DispatchAsyncMessage] Error: PLayerTransaction::Msg_ReleaseLayer Processing error: message was deserialized, but the handler returned false (indicating failure)

IPDL protocol error: Handler returned error code!

###!!! [Parent][DispatchAsyncMessage] Error: PLayerTransaction::Msg_ReleaseLayer Processing error: message was deserialized, but the handler returned false (indicating failure)

IPDL protocol error: Handler returned error code!

###!!! [Parent][DispatchAsyncMessage] Error: PLayerTransaction::Msg_ReleaseLayer Processing error: message was deserialized, but the handler returned false (indicating failure)

IPDL protocol error: Handler returned error code!

###!!! [Parent][DispatchAsyncMessage] Error: PLayerTransaction::Msg_ReleaseLayer Processing error: message was deserialized, but the handler returned false (indicating failure)


###!!! [Child][RunMessage] Error: Channel closing: too late to send/recv, messages will be lost


###!!! [Child][MessageChannel::SendAndWait] Error: Channel error: cannot send/recv

1584709918816	mozrunner::runner	INFO	Running command: "C:\\Program Files\\Mozilla Firefox\\firefox.exe" "-marionette" "-foreground" "-no-remote" "-profile" "C:\\Users\\MARTIN~1\\AppData\\Local\\Temp\\rust_mozprofileAdvy6K"
1584709919369	addons.webextension.doh-rollout@mozilla.org	WARN	Loading extension 'doh-rollout@mozilla.org': Reading manifest: Invalid extension permission: networkStatus
1584709919962	addons.webextension.screenshots@mozilla.org	WARN	Loading extension 'screenshots@mozilla.org': Reading manifest: Invalid extension permission: mozillaAddons
1584709919962	addons.webextension.screenshots@mozilla.org	WARN	Loading extension 'screenshots@mozilla.org': Reading manifest: Invalid extension permission: telemetry
1584709919962	addons.webextension.screenshots@mozilla.org	WARN	Loading extension 'screenshots@mozilla.org': Reading manifest: Invalid extension permission: resource://pdf.js/
1584709919962	addons.webextension.screenshots@mozilla.org	WARN	Loading extension 'screenshots@mozilla.org': Reading manifest: Invalid extension permission: about:reader*
JavaScript error: resource://gre/modules/XULStore.jsm, line 66: Error: Can't find profile directory.
1584709921523	Marionette	INFO	Listening on port 63554
1584709922078	Marionette	WARN	TLS certificate errors will be ignored for this session
1584709922729	Marionette	INFO	Stopped listening on port 63554

###!!! [Child][RunMessage] Error: Channel closing: too late to send/recv, messages will be lost


###!!! [Child][MessageChannel::SendAndWait] Error: Channel error: cannot send/recv

1584709927780	mozrunner::runner	INFO	Running command: "C:\\Program Files\\Mozilla Firefox\\firefox.exe" "-marionette" "-foreground" "-no-remote" "-profile" "C:\\Users\\MARTIN~1\\AppData\\Local\\Temp\\rust_mozprofileemhNRt"
1584709928206	addons.webextension.doh-rollout@mozilla.org	WARN	Loading extension 'doh-rollout@mozilla.org': Reading manifest: Invalid extension permission: networkStatus
1584709928744	addons.webextension.screenshots@mozilla.org	WARN	Loading extension 'screenshots@mozilla.org': Reading manifest: Invalid extension permission: mozillaAddons
1584709928744	addons.webextension.screenshots@mozilla.org	WARN	Loading extension 'screenshots@mozilla.org': Reading manifest: Invalid extension permission: telemetry
1584709928744	addons.webextension.screenshots@mozilla.org	WARN	Loading extension 'screenshots@mozilla.org': Reading manifest: Invalid extension permission: resource://pdf.js/
1584709928745	addons.webextension.screenshots@mozilla.org	WARN	Loading extension 'screenshots@mozilla.org': Reading manifest: Invalid extension permission: about:reader*
JavaScript error: resource://gre/modules/XULStore.jsm, line 66: Error: Can't find profile directory.
1584709930737	Marionette	INFO	Listening on port 63591
1584709930924	Marionette	WARN	TLS certificate errors will be ignored for this session
1584709931464	Marionette	INFO	Stopped listening on port 63591

###!!! [Child][RunMessage] Error: Channel closing: too late to send/recv, messages will be lost


###!!! [Child][MessageChannel::SendAndWait] Error: Channel error: cannot send/recv

1584709936674	mozrunner::runner	INFO	Running command: "C:\\Program Files\\Mozilla Firefox\\firefox.exe" "-marionette" "-foreground" "-no-remote" "-profile" "C:\\Users\\MARTIN~1\\AppData\\Local\\Temp\\rust_mozprofile1fWQjN"
1584709937156	addons.webextension.doh-rollout@mozilla.org	WARN	Loading extension 'doh-rollout@mozilla.org': Reading manifest: Invalid extension permission: networkStatus
1584709937646	addons.webextension.screenshots@mozilla.org	WARN	Loading extension 'screenshots@mozilla.org': Reading manifest: Invalid extension permission: mozillaAddons
1584709937646	addons.webextension.screenshots@mozilla.org	WARN	Loading extension 'screenshots@mozilla.org': Reading manifest: Invalid extension permission: telemetry
1584709937646	addons.webextension.screenshots@mozilla.org	WARN	Loading extension 'screenshots@mozilla.org': Reading manifest: Invalid extension permission: resource://pdf.js/
1584709937646	addons.webextension.screenshots@mozilla.org	WARN	Loading extension 'screenshots@mozilla.org': Reading manifest: Invalid extension permission: about:reader*
JavaScript error: resource://gre/modules/XULStore.jsm, line 66: Error: Can't find profile directory.
1584709939890	Marionette	INFO	Listening on port 63636
1584709940346	Marionette	WARN	TLS certificate errors will be ignored for this session
1584709940922	Marionette	INFO	Stopped listening on port 63636
1584709941228	addons.xpi	WARN	Addon with ID amazondotcom@search.mozilla.org already installed, older version will be disabled
1584709941230	addons.xpi-utils	WARN	Error: XPI database modified after shutdown began(resource://gre/modules/addons/XPIDatabase.jsm:1464:17) JS Stack trace: saveChanges@XPIDatabase.jsm:1464:17
makeAddonVisible@XPIDatabase.jsm:2267:10
addToDatabase@XPIDatabase.jsm:2194:12
install@XPIInstall.jsm:4338:27
update@XPIProvider.jsm:2046:13
1584709941231	addons.xpi-utils	WARN	Error: XPI database modified after shutdown began(resource://gre/modules/addons/XPIDatabase.jsm:1464:17) JS Stack trace: saveChanges@XPIDatabase.jsm:1464:17
addToDatabase@XPIDatabase.jsm:2197:10
install@XPIInstall.jsm:4338:27
update@XPIProvider.jsm:2046:13
1584709941308	addons.xpi	WARN	Addon with ID bing@search.mozilla.org already installed, older version will be disabled
1584709941308	addons.xpi-utils	WARN	Error: XPI database modified after shutdown began(resource://gre/modules/addons/XPIDatabase.jsm:1464:17) JS Stack trace: saveChanges@XPIDatabase.jsm:1464:17
makeAddonVisible@XPIDatabase.jsm:2267:10
addToDatabase@XPIDatabase.jsm:2194:12
install@XPIInstall.jsm:4338:27
update@XPIProvider.jsm:2046:13
1584709941309	addons.xpi-utils	WARN	Error: XPI database modified after shutdown began(resource://gre/modules/addons/XPIDatabase.jsm:1464:17) JS Stack trace: saveChanges@XPIDatabase.jsm:1464:17
addToDatabase@XPIDatabase.jsm:2197:10
install@XPIInstall.jsm:4338:27
update@XPIProvider.jsm:2046:13
1584709941398	addons.xpi	WARN	Addon with ID google@search.mozilla.org already installed, older version will be disabled
1584709941398	addons.xpi-utils	WARN	Error: XPI database modified after shutdown began(resource://gre/modules/addons/XPIDatabase.jsm:1464:17) JS Stack trace: saveChanges@XPIDatabase.jsm:1464:17
makeAddonVisible@XPIDatabase.jsm:2267:10
addToDatabase@XPIDatabase.jsm:2194:12
install@XPIInstall.jsm:4338:27
update@XPIProvider.jsm:2046:13
1584709941398	addons.xpi-utils	WARN	Error: XPI database modified after shutdown began(resource://gre/modules/addons/XPIDatabase.jsm:1464:17) JS Stack trace: saveChanges@XPIDatabase.jsm:1464:17
addToDatabase@XPIDatabase.jsm:2197:10
install@XPIInstall.jsm:4338:27
update@XPIProvider.jsm:2046:13
1584709941418	addons.xpi	WARN	Addon with ID twitter@search.mozilla.org already installed, older version will be disabled
1584709941418	addons.xpi-utils	WARN	Error: XPI database modified after shutdown began(resource://gre/modules/addons/XPIDatabase.jsm:1464:17) JS Stack trace: saveChanges@XPIDatabase.jsm:1464:17
makeAddonVisible@XPIDatabase.jsm:2267:10
addToDatabase@XPIDatabase.jsm:2194:12
install@XPIInstall.jsm:4338:27
update@XPIProvider.jsm:2046:13
1584709941418	addons.xpi-utils	WARN	Error: XPI database modified after shutdown began(resource://gre/modules/addons/XPIDatabase.jsm:1464:17) JS Stack trace: saveChanges@XPIDatabase.jsm:1464:17
addToDatabase@XPIDatabase.jsm:2197:10
install@XPIInstall.jsm:4338:27
update@XPIProvider.jsm:2046:13
1584709941486	addons.xpi	WARN	Addon with ID wikipedia@search.mozilla.org already installed, older version will be disabled
1584709941487	addons.xpi-utils	WARN	Error: XPI database modified after shutdown began(resource://gre/modules/addons/XPIDatabase.jsm:1464:17) JS Stack trace: saveChanges@XPIDatabase.jsm:1464:17
makeAddonVisible@XPIDatabase.jsm:2267:10
addToDatabase@XPIDatabase.jsm:2194:12
install@XPIInstall.jsm:4338:27
update@XPIProvider.jsm:2046:13
1584709941487	addons.xpi-utils	WARN	Error: XPI database modified after shutdown began(resource://gre/modules/addons/XPIDatabase.jsm:1464:17) JS Stack trace: saveChanges@XPIDatabase.jsm:1464:17
addToDatabase@XPIDatabase.jsm:2197:10
install@XPIInstall.jsm:4338:27
update@XPIProvider.jsm:2046:13
1584709941524	addons.xpi	WARN	Addon with ID ddg@search.mozilla.org already installed, older version will be disabled
1584709941524	addons.xpi-utils	WARN	Error: XPI database modified after shutdown began(resource://gre/modules/addons/XPIDatabase.jsm:1464:17) JS Stack trace: saveChanges@XPIDatabase.jsm:1464:17
makeAddonVisible@XPIDatabase.jsm:2267:10
addToDatabase@XPIDatabase.jsm:2194:12
install@XPIInstall.jsm:4338:27
update@XPIProvider.jsm:2046:13
1584709941524	addons.xpi-utils	WARN	Error: XPI database modified after shutdown began(resource://gre/modules/addons/XPIDatabase.jsm:1464:17) JS Stack trace: saveChanges@XPIDatabase.jsm:1464:17
addToDatabase@XPIDatabase.jsm:2197:10
install@XPIInstall.jsm:4338:27
update@XPIProvider.jsm:2046:13

###!!! [Child][RunMessage] Error: Channel closing: too late to send/recv, messages will be lost


###!!! [Child][MessageChannel::SendAndWait] Error: Channel error: cannot send/recv

1584709946015	mozrunner::runner	INFO	Running command: "C:\\Program Files\\Mozilla Firefox\\firefox.exe" "-marionette" "-foreground" "-no-remote" "-profile" "C:\\Users\\MARTIN~1\\AppData\\Local\\Temp\\rust_mozprofileIVac3x"
1584709946622	addons.webextension.doh-rollout@mozilla.org	WARN	Loading extension 'doh-rollout@mozilla.org': Reading manifest: Invalid extension permission: networkStatus
1584709947152	addons.webextension.screenshots@mozilla.org	WARN	Loading extension 'screenshots@mozilla.org': Reading manifest: Invalid extension permission: mozillaAddons
1584709947152	addons.webextension.screenshots@mozilla.org	WARN	Loading extension 'screenshots@mozilla.org': Reading manifest: Invalid extension permission: telemetry
1584709947152	addons.webextension.screenshots@mozilla.org	WARN	Loading extension 'screenshots@mozilla.org': Reading manifest: Invalid extension permission: resource://pdf.js/
1584709947153	addons.webextension.screenshots@mozilla.org	WARN	Loading extension 'screenshots@mozilla.org': Reading manifest: Invalid extension permission: about:reader*
JavaScript error: resource://gre/modules/XULStore.jsm, line 66: Error: Can't find profile directory.
1584709949217	Marionette	INFO	Listening on port 63681
1584709949682	Marionette	WARN	TLS certificate errors will be ignored for this session
1584709950149	Marionette	INFO	Stopped listening on port 63681

###!!! [Child][RunMessage] Error: Channel closing: too late to send/recv, messages will be lost


###!!! [Child][MessageChannel::SendAndWait] Error: Channel error: cannot send/recv

1584709956174	mozrunner::runner	INFO	Running command: "C:\\Program Files\\Mozilla Firefox\\firefox.exe" "-marionette" "-foreground" "-no-remote" "-profile" "C:\\Users\\MARTIN~1\\AppData\\Local\\Temp\\rust_mozprofile7ZVWW1"
1584709956638	addons.webextension.doh-rollout@mozilla.org	WARN	Loading extension 'doh-rollout@mozilla.org': Reading manifest: Invalid extension permission: networkStatus
1584709957189	addons.webextension.screenshots@mozilla.org	WARN	Loading extension 'screenshots@mozilla.org': Reading manifest: Invalid extension permission: mozillaAddons
1584709957189	addons.webextension.screenshots@mozilla.org	WARN	Loading extension 'screenshots@mozilla.org': Reading manifest: Invalid extension permission: telemetry
1584709957189	addons.webextension.screenshots@mozilla.org	WARN	Loading extension 'screenshots@mozilla.org': Reading manifest: Invalid extension permission: resource://pdf.js/
1584709957190	addons.webextension.screenshots@mozilla.org	WARN	Loading extension 'screenshots@mozilla.org': Reading manifest: Invalid extension permission: about:reader*
JavaScript error: resource://gre/modules/XULStore.jsm, line 66: Error: Can't find profile directory.
1584709959461	Marionette	INFO	Listening on port 63723
1584709959801	Marionette	WARN	TLS certificate errors will be ignored for this session
1584709960290	Marionette	INFO	Stopped listening on port 63723

###!!! [Child][RunMessage] Error: Channel closing: too late to send/recv, messages will be lost


###!!! [Child][MessageChannel::SendAndWait] Error: Channel error: cannot send/recv

1584709965153	mozrunner::runner	INFO	Running command: "C:\\Program Files\\Mozilla Firefox\\firefox.exe" "-marionette" "-foreground" "-no-remote" "-profile" "C:\\Users\\MARTIN~1\\AppData\\Local\\Temp\\rust_mozprofile0Kdw43"
1584709965617	addons.webextension.doh-rollout@mozilla.org	WARN	Loading extension 'doh-rollout@mozilla.org': Reading manifest: Invalid extension permission: networkStatus
1584709966234	addons.webextension.screenshots@mozilla.org	WARN	Loading extension 'screenshots@mozilla.org': Reading manifest: Invalid extension permission: mozillaAddons
1584709966234	addons.webextension.screenshots@mozilla.org	WARN	Loading extension 'screenshots@mozilla.org': Reading manifest: Invalid extension permission: telemetry
1584709966235	addons.webextension.screenshots@mozilla.org	WARN	Loading extension 'screenshots@mozilla.org': Reading manifest: Invalid extension permission: resource://pdf.js/
1584709966235	addons.webextension.screenshots@mozilla.org	WARN	Loading extension 'screenshots@mozilla.org': Reading manifest: Invalid extension permission: about:reader*
JavaScript error: resource://gre/modules/XULStore.jsm, line 66: Error: Can't find profile directory.
1584709968490	Marionette	INFO	Listening on port 63771
1584709968788	Marionette	WARN	TLS certificate errors will be ignored for this session
1584709969302	Marionette	INFO	Stopped listening on port 63771

###!!! [Child][MessageChannel::SendAndWait] Error: Channel error: cannot send/recv

1584709974064	mozrunner::runner	INFO	Running command: "C:\\Program Files\\Mozilla Firefox\\firefox.exe" "-marionette" "-foreground" "-no-remote" "-profile" "C:\\Users\\MARTIN~1\\AppData\\Local\\Temp\\rust_mozprofilejDLjwJ"
1584709974546	addons.webextension.doh-rollout@mozilla.org	WARN	Loading extension 'doh-rollout@mozilla.org': Reading manifest: Invalid extension permission: networkStatus
1584709975048	addons.webextension.screenshots@mozilla.org	WARN	Loading extension 'screenshots@mozilla.org': Reading manifest: Invalid extension permission: mozillaAddons
1584709975048	addons.webextension.screenshots@mozilla.org	WARN	Loading extension 'screenshots@mozilla.org': Reading manifest: Invalid extension permission: telemetry
1584709975048	addons.webextension.screenshots@mozilla.org	WARN	Loading extension 'screenshots@mozilla.org': Reading manifest: Invalid extension permission: resource://pdf.js/
1584709975048	addons.webextension.screenshots@mozilla.org	WARN	Loading extension 'screenshots@mozilla.org': Reading manifest: Invalid extension permission: about:reader*
JavaScript error: resource://gre/modules/XULStore.jsm, line 66: Error: Can't find profile directory.
1584709977269	Marionette	INFO	Listening on port 63810
1584709977718	Marionette	WARN	TLS certificate errors will be ignored for this session
1584709978188	Marionette	INFO	Stopped listening on port 63810

###!!! [Child][RunMessage] Error: Channel closing: too late to send/recv, messages will be lost


###!!! [Child][MessageChannel::SendAndWait] Error: Channel error: cannot send/recv

1584709983081	mozrunner::runner	INFO	Running command: "C:\\Program Files\\Mozilla Firefox\\firefox.exe" "-marionette" "-foreground" "-no-remote" "-profile" "C:\\Users\\MARTIN~1\\AppData\\Local\\Temp\\rust_mozprofilehfU9zz"
1584709983539	addons.webextension.doh-rollout@mozilla.org	WARN	Loading extension 'doh-rollout@mozilla.org': Reading manifest: Invalid extension permission: networkStatus
1584709984067	addons.webextension.screenshots@mozilla.org	WARN	Loading extension 'screenshots@mozilla.org': Reading manifest: Invalid extension permission: mozillaAddons
1584709984067	addons.webextension.screenshots@mozilla.org	WARN	Loading extension 'screenshots@mozilla.org': Reading manifest: Invalid extension permission: telemetry
1584709984067	addons.webextension.screenshots@mozilla.org	WARN	Loading extension 'screenshots@mozilla.org': Reading manifest: Invalid extension permission: resource://pdf.js/
1584709984067	addons.webextension.screenshots@mozilla.org	WARN	Loading extension 'screenshots@mozilla.org': Reading manifest: Invalid extension permission: about:reader*
JavaScript error: resource://gre/modules/XULStore.jsm, line 66: Error: Can't find profile directory.
1584709986202	Marionette	INFO	Listening on port 63854
1584709986253	Marionette	WARN	TLS certificate errors will be ignored for this session
1584709986736	Marionette	INFO	Stopped listening on port 63854

###!!! [Child][RunMessage] Error: Channel closing: too late to send/recv, messages will be lost


###!!! [Child][MessageChannel::SendAndWait] Error: Channel error: cannot send/recv

1584709991589	mozrunner::runner	INFO	Running command: "C:\\Program Files\\Mozilla Firefox\\firefox.exe" "-marionette" "-foreground" "-no-remote" "-profile" "C:\\Users\\MARTIN~1\\AppData\\Local\\Temp\\rust_mozprofileE1R30M"
1584709992040	addons.webextension.doh-rollout@mozilla.org	WARN	Loading extension 'doh-rollout@mozilla.org': Reading manifest: Invalid extension permission: networkStatus
1584709992646	addons.webextension.screenshots@mozilla.org	WARN	Loading extension 'screenshots@mozilla.org': Reading manifest: Invalid extension permission: mozillaAddons
1584709992646	addons.webextension.screenshots@mozilla.org	WARN	Loading extension 'screenshots@mozilla.org': Reading manifest: Invalid extension permission: telemetry
1584709992646	addons.webextension.screenshots@mozilla.org	WARN	Loading extension 'screenshots@mozilla.org': Reading manifest: Invalid extension permission: resource://pdf.js/
1584709992647	addons.webextension.screenshots@mozilla.org	WARN	Loading extension 'screenshots@mozilla.org': Reading manifest: Invalid extension permission: about:reader*
JavaScript error: resource://gre/modules/XULStore.jsm, line 66: Error: Can't find profile directory.
1584709994800	Marionette	INFO	Listening on port 63892
1584709995212	Marionette	WARN	TLS certificate errors will be ignored for this session
1584709995765	Marionette	INFO	Stopped listening on port 63892

###!!! [Child][RunMessage] Error: Channel closing: too late to send/recv, messages will be lost


###!!! [Child][MessageChannel::SendAndWait] Error: Channel error: cannot send/recv

1584710000659	mozrunner::runner	INFO	Running command: "C:\\Program Files\\Mozilla Firefox\\firefox.exe" "-marionette" "-foreground" "-no-remote" "-profile" "C:\\Users\\MARTIN~1\\AppData\\Local\\Temp\\rust_mozprofileO5zeqM"
1584710001077	addons.webextension.doh-rollout@mozilla.org	WARN	Loading extension 'doh-rollout@mozilla.org': Reading manifest: Invalid extension permission: networkStatus
1584710001658	addons.webextension.screenshots@mozilla.org	WARN	Loading extension 'screenshots@mozilla.org': Reading manifest: Invalid extension permission: mozillaAddons
1584710001658	addons.webextension.screenshots@mozilla.org	WARN	Loading extension 'screenshots@mozilla.org': Reading manifest: Invalid extension permission: telemetry
1584710001659	addons.webextension.screenshots@mozilla.org	WARN	Loading extension 'screenshots@mozilla.org': Reading manifest: Invalid extension permission: resource://pdf.js/
1584710001659	addons.webextension.screenshots@mozilla.org	WARN	Loading extension 'screenshots@mozilla.org': Reading manifest: Invalid extension permission: about:reader*
JavaScript error: resource://gre/modules/XULStore.jsm, line 66: Error: Can't find profile directory.
1584710003822	Marionette	INFO	Listening on port 63931
1584710004289	Marionette	WARN	TLS certificate errors will be ignored for this session
1584710004932	Marionette	INFO	Stopped listening on port 63931

###!!! [Child][RunMessage] Error: Channel closing: too late to send/recv, messages will be lost


###!!! [Child][MessageChannel::SendAndWait] Error: Channel error: cannot send/recv

1584710009943	mozrunner::runner	INFO	Running command: "C:\\Program Files\\Mozilla Firefox\\firefox.exe" "-marionette" "-foreground" "-no-remote" "-profile" "C:\\Users\\MARTIN~1\\AppData\\Local\\Temp\\rust_mozprofileRG9G20"
1584710010427	addons.webextension.doh-rollout@mozilla.org	WARN	Loading extension 'doh-rollout@mozilla.org': Reading manifest: Invalid extension permission: networkStatus
1584710010914	addons.webextension.screenshots@mozilla.org	WARN	Loading extension 'screenshots@mozilla.org': Reading manifest: Invalid extension permission: mozillaAddons
1584710010914	addons.webextension.screenshots@mozilla.org	WARN	Loading extension 'screenshots@mozilla.org': Reading manifest: Invalid extension permission: telemetry
1584710010914	addons.webextension.screenshots@mozilla.org	WARN	Loading extension 'screenshots@mozilla.org': Reading manifest: Invalid extension permission: resource://pdf.js/
1584710010914	addons.webextension.screenshots@mozilla.org	WARN	Loading extension 'screenshots@mozilla.org': Reading manifest: Invalid extension permission: about:reader*
JavaScript error: resource://gre/modules/XULStore.jsm, line 66: Error: Can't find profile directory.
1584710013205	Marionette	INFO	Listening on port 63972
1584710013602	Marionette	WARN	TLS certificate errors will be ignored for this session
1584710014096	Marionette	INFO	Stopped listening on port 63972

###!!! [Child][RunMessage] Error: Channel closing: too late to send/recv, messages will be lost


###!!! [Child][MessageChannel::SendAndWait] Error: Channel error: cannot send/recv

